[2022-01-26 06:39:43 -0800] [130] [INFO] Starting gunicorn 19.9.0
[2022-01-26 06:39:43 -0800] [130] [INFO] Listening at: http://127.0.0.1:8080 (130)
[2022-01-26 06:39:43 -0800] [130] [INFO] Using worker: threads
[2022-01-26 06:39:43 -0800] [141] [INFO] Booting worker with pid: 141
[2022-01-26 06:39:43 -0800] [142] [INFO] Booting worker with pid: 142
[2022-01-26 06:39:43 -0800] [143] [INFO] Booting worker with pid: 143
[2022-01-26 06:39:43 -0800] [144] [INFO] Booting worker with pid: 144
[2022-01-26 06:39:43 -0800] [145] [INFO] Booting worker with pid: 145
[2022-01-26 06:39:43 -0800] [146] [INFO] Booting worker with pid: 146
[2022-01-26 06:39:43 -0800] [147] [INFO] Booting worker with pid: 147
[2022-01-26 06:39:43 -0800] [148] [INFO] Booting worker with pid: 148
[2022-01-26 22:37:11 -0800] [112] [INFO] Starting gunicorn 19.9.0
[2022-01-26 22:37:11 -0800] [112] [INFO] Listening at: http://127.0.0.1:8080 (112)
[2022-01-26 22:37:11 -0800] [112] [INFO] Using worker: threads
[2022-01-26 22:37:11 -0800] [123] [INFO] Booting worker with pid: 123
[2022-01-26 22:37:11 -0800] [124] [INFO] Booting worker with pid: 124
[2022-01-26 22:37:11 -0800] [125] [INFO] Booting worker with pid: 125
[2022-01-26 22:37:11 -0800] [126] [INFO] Booting worker with pid: 126
[2022-01-26 22:37:11 -0800] [127] [INFO] Booting worker with pid: 127
[2022-01-26 22:37:11 -0800] [128] [INFO] Booting worker with pid: 128
[2022-01-26 22:37:11 -0800] [129] [INFO] Booting worker with pid: 129
[2022-01-26 22:37:11 -0800] [130] [INFO] Booting worker with pid: 130
[2022-01-27 00:42:38 -0800] [112] [INFO] Handling signal: term
[2022-01-27 08:42:38 +0000] [128] [INFO] Worker exiting (pid: 128)
[2022-01-27 08:42:38 +0000] [129] [INFO] Worker exiting (pid: 129)
[2022-01-27 08:42:38 +0000] [124] [INFO] Worker exiting (pid: 124)
[2022-01-27 08:42:38 +0000] [130] [INFO] Worker exiting (pid: 130)
[2022-01-27 08:42:39 +0000] [125] [INFO] Worker exiting (pid: 125)
[2022-01-27 08:42:39 +0000] [123] [INFO] Worker exiting (pid: 123)
[2022-01-27 08:42:39 +0000] [127] [INFO] Worker exiting (pid: 127)
[2022-01-27 08:42:39 +0000] [126] [INFO] Worker exiting (pid: 126)
[2022-01-27 00:42:40 -0800] [112] [INFO] Shutting down: Master
[2022-01-27 00:42:56 -0800] [120] [INFO] Starting gunicorn 19.9.0
[2022-01-27 00:42:56 -0800] [120] [INFO] Listening at: http://127.0.0.1:8080 (120)
[2022-01-27 00:42:56 -0800] [120] [INFO] Using worker: threads
[2022-01-27 00:42:56 -0800] [131] [INFO] Booting worker with pid: 131
[2022-01-27 00:42:56 -0800] [132] [INFO] Booting worker with pid: 132
[2022-01-27 00:42:56 -0800] [133] [INFO] Booting worker with pid: 133
[2022-01-27 00:42:56 -0800] [134] [INFO] Booting worker with pid: 134
[2022-01-27 00:42:56 -0800] [135] [INFO] Booting worker with pid: 135
[2022-01-27 00:42:56 -0800] [136] [INFO] Booting worker with pid: 136
[2022-01-27 00:42:56 -0800] [137] [INFO] Booting worker with pid: 137
[2022-01-27 00:42:56 -0800] [138] [INFO] Booting worker with pid: 138
[2022-01-27 05:16:53 -0800] [111] [INFO] Starting gunicorn 19.9.0
[2022-01-27 05:16:53 -0800] [111] [INFO] Listening at: http://127.0.0.1:8080 (111)
[2022-01-27 05:16:53 -0800] [111] [INFO] Using worker: threads
[2022-01-27 05:16:53 -0800] [122] [INFO] Booting worker with pid: 122
[2022-01-27 05:16:53 -0800] [123] [INFO] Booting worker with pid: 123
[2022-01-27 05:16:53 -0800] [124] [INFO] Booting worker with pid: 124
[2022-01-27 05:16:53 -0800] [125] [INFO] Booting worker with pid: 125
[2022-01-27 05:16:53 -0800] [126] [INFO] Booting worker with pid: 126
[2022-01-27 05:16:53 -0800] [127] [INFO] Booting worker with pid: 127
[2022-01-27 05:16:53 -0800] [128] [INFO] Booting worker with pid: 128
[2022-01-27 05:16:54 -0800] [129] [INFO] Booting worker with pid: 129
[2022-01-27 05:28:25 -0800] [111] [INFO] Handling signal: term
[2022-01-27 13:28:25 +0000] [122] [INFO] Worker exiting (pid: 122)
[2022-01-27 13:28:25 +0000] [123] [INFO] Worker exiting (pid: 123)
[2022-01-27 13:28:25 +0000] [126] [INFO] Worker exiting (pid: 126)
[2022-01-27 13:28:25 +0000] [124] [INFO] Worker exiting (pid: 124)
[2022-01-27 13:28:25 +0000] [125] [INFO] Worker exiting (pid: 125)
[2022-01-27 13:28:25 +0000] [127] [INFO] Worker exiting (pid: 127)
[2022-01-27 13:28:26 +0000] [129] [INFO] Worker exiting (pid: 129)
[2022-01-27 13:28:26 +0000] [128] [INFO] Worker exiting (pid: 128)
[2022-01-27 05:28:26 -0800] [111] [INFO] Shutting down: Master
[2022-01-27 05:28:35 -0800] [105] [INFO] Starting gunicorn 19.9.0
[2022-01-27 05:28:35 -0800] [105] [INFO] Listening at: http://127.0.0.1:8080 (105)
[2022-01-27 05:28:35 -0800] [105] [INFO] Using worker: threads
[2022-01-27 05:28:35 -0800] [116] [INFO] Booting worker with pid: 116
[2022-01-27 05:28:35 -0800] [117] [INFO] Booting worker with pid: 117
[2022-01-27 05:28:35 -0800] [118] [INFO] Booting worker with pid: 118
[2022-01-27 05:28:35 -0800] [119] [INFO] Booting worker with pid: 119
[2022-01-27 05:28:36 -0800] [120] [INFO] Booting worker with pid: 120
[2022-01-27 05:28:36 -0800] [122] [INFO] Booting worker with pid: 122
[2022-01-27 05:28:36 -0800] [121] [INFO] Booting worker with pid: 121
[2022-01-27 05:28:36 -0800] [130] [INFO] Booting worker with pid: 130
[2022-01-27 07:39:22 -0800] [105] [INFO] Handling signal: term
[2022-01-27 15:39:22 +0000] [121] [INFO] Worker exiting (pid: 121)
[2022-01-27 15:39:22 +0000] [116] [INFO] Worker exiting (pid: 116)
[2022-01-27 15:39:23 +0000] [120] [INFO] Worker exiting (pid: 120)
[2022-01-27 15:39:23 +0000] [119] [INFO] Worker exiting (pid: 119)
[2022-01-27 15:39:23 +0000] [118] [INFO] Worker exiting (pid: 118)
[2022-01-27 15:39:23 +0000] [130] [INFO] Worker exiting (pid: 130)
[2022-01-27 15:39:23 +0000] [117] [INFO] Worker exiting (pid: 117)
[2022-01-27 15:39:23 +0000] [122] [INFO] Worker exiting (pid: 122)
[2022-01-27 07:39:23 -0800] [105] [INFO] Shutting down: Master
[2022-01-27 07:39:33 -0800] [106] [INFO] Starting gunicorn 19.9.0
[2022-01-27 07:39:33 -0800] [106] [INFO] Listening at: http://127.0.0.1:8080 (106)
[2022-01-27 07:39:33 -0800] [106] [INFO] Using worker: threads
[2022-01-27 07:39:33 -0800] [123] [INFO] Booting worker with pid: 123
[2022-01-27 07:39:33 -0800] [124] [INFO] Booting worker with pid: 124
[2022-01-27 07:39:33 -0800] [125] [INFO] Booting worker with pid: 125
[2022-01-27 07:39:33 -0800] [126] [INFO] Booting worker with pid: 126
[2022-01-27 07:39:33 -0800] [127] [INFO] Booting worker with pid: 127
[2022-01-27 07:39:33 -0800] [128] [INFO] Booting worker with pid: 128
[2022-01-27 07:39:33 -0800] [129] [INFO] Booting worker with pid: 129
[2022-01-27 07:39:33 -0800] [130] [INFO] Booting worker with pid: 130
[2022-01-27 07:40:33 -0800] [106] [INFO] Handling signal: term
[2022-01-27 15:40:33 +0000] [127] [INFO] Worker exiting (pid: 127)
[2022-01-27 15:40:33 +0000] [126] [INFO] Worker exiting (pid: 126)
[2022-01-27 15:40:33 +0000] [124] [INFO] Worker exiting (pid: 124)
[2022-01-27 15:40:34 +0000] [123] [INFO] Worker exiting (pid: 123)
[2022-01-27 15:40:34 +0000] [128] [INFO] Worker exiting (pid: 128)
[2022-01-27 15:40:34 +0000] [125] [INFO] Worker exiting (pid: 125)
[2022-01-27 15:40:34 +0000] [129] [INFO] Worker exiting (pid: 129)
[2022-01-27 15:40:34 +0000] [130] [INFO] Worker exiting (pid: 130)
[2022-01-27 07:40:36 -0800] [106] [INFO] Shutting down: Master
[2022-01-27 07:40:53 -0800] [118] [INFO] Starting gunicorn 19.9.0
[2022-01-27 07:40:53 -0800] [118] [INFO] Listening at: http://127.0.0.1:8080 (118)
[2022-01-27 07:40:53 -0800] [118] [INFO] Using worker: threads
[2022-01-27 07:40:53 -0800] [129] [INFO] Booting worker with pid: 129
[2022-01-27 07:40:53 -0800] [130] [INFO] Booting worker with pid: 130
[2022-01-27 07:40:53 -0800] [131] [INFO] Booting worker with pid: 131
[2022-01-27 07:40:53 -0800] [132] [INFO] Booting worker with pid: 132
[2022-01-27 07:40:53 -0800] [133] [INFO] Booting worker with pid: 133
[2022-01-27 07:40:53 -0800] [134] [INFO] Booting worker with pid: 134
[2022-01-27 07:40:53 -0800] [135] [INFO] Booting worker with pid: 135
[2022-01-27 07:40:53 -0800] [136] [INFO] Booting worker with pid: 136
[2022-01-27 07:43:50 -0800] [118] [INFO] Handling signal: term
[2022-01-27 15:43:50 +0000] [130] [INFO] Worker exiting (pid: 130)
[2022-01-27 15:43:50 +0000] [131] [INFO] Worker exiting (pid: 131)
[2022-01-27 15:43:50 +0000] [132] [INFO] Worker exiting (pid: 132)
[2022-01-27 15:43:50 +0000] [133] [INFO] Worker exiting (pid: 133)
[2022-01-27 15:43:50 +0000] [135] [INFO] Worker exiting (pid: 135)
[2022-01-27 15:43:50 +0000] [136] [INFO] Worker exiting (pid: 136)
[2022-01-27 15:43:50 +0000] [134] [INFO] Worker exiting (pid: 134)
[2022-01-27 15:43:51 +0000] [129] [INFO] Worker exiting (pid: 129)
[2022-01-27 07:43:51 -0800] [118] [INFO] Shutting down: Master
[2022-01-27 07:44:10 -0800] [119] [INFO] Starting gunicorn 19.9.0
[2022-01-27 07:44:10 -0800] [119] [INFO] Listening at: http://127.0.0.1:8080 (119)
[2022-01-27 07:44:10 -0800] [119] [INFO] Using worker: threads
[2022-01-27 07:44:10 -0800] [130] [INFO] Booting worker with pid: 130
[2022-01-27 07:44:10 -0800] [131] [INFO] Booting worker with pid: 131
[2022-01-27 07:44:10 -0800] [132] [INFO] Booting worker with pid: 132
[2022-01-27 07:44:10 -0800] [133] [INFO] Booting worker with pid: 133
[2022-01-27 07:44:10 -0800] [134] [INFO] Booting worker with pid: 134
[2022-01-27 07:44:10 -0800] [135] [INFO] Booting worker with pid: 135
[2022-01-27 07:44:10 -0800] [136] [INFO] Booting worker with pid: 136
[2022-01-27 07:44:10 -0800] [137] [INFO] Booting worker with pid: 137
[2022-01-27 07:47:15 -0800] [119] [INFO] Handling signal: term
[2022-01-27 15:47:15 +0000] [131] [INFO] Worker exiting (pid: 131)
[2022-01-27 15:47:15 +0000] [136] [INFO] Worker exiting (pid: 136)
[2022-01-27 15:47:15 +0000] [132] [INFO] Worker exiting (pid: 132)
[2022-01-27 15:47:15 +0000] [133] [INFO] Worker exiting (pid: 133)
[2022-01-27 15:47:15 +0000] [137] [INFO] Worker exiting (pid: 137)
[2022-01-27 15:47:16 +0000] [130] [INFO] Worker exiting (pid: 130)
[2022-01-27 15:47:16 +0000] [134] [INFO] Worker exiting (pid: 134)
[2022-01-27 15:47:16 +0000] [135] [INFO] Worker exiting (pid: 135)
[2022-01-27 07:47:17 -0800] [119] [INFO] Shutting down: Master
[2022-01-27 07:47:34 -0800] [123] [INFO] Starting gunicorn 19.9.0
[2022-01-27 07:47:34 -0800] [123] [INFO] Listening at: http://127.0.0.1:8080 (123)
[2022-01-27 07:47:34 -0800] [123] [INFO] Using worker: threads
[2022-01-27 07:47:34 -0800] [134] [INFO] Booting worker with pid: 134
[2022-01-27 07:47:34 -0800] [135] [INFO] Booting worker with pid: 135
[2022-01-27 07:47:34 -0800] [136] [INFO] Booting worker with pid: 136
[2022-01-27 07:47:34 -0800] [137] [INFO] Booting worker with pid: 137
[2022-01-27 07:47:34 -0800] [138] [INFO] Booting worker with pid: 138
[2022-01-27 07:47:35 -0800] [139] [INFO] Booting worker with pid: 139
[2022-01-27 07:47:35 -0800] [140] [INFO] Booting worker with pid: 140
[2022-01-27 07:47:35 -0800] [141] [INFO] Booting worker with pid: 141
[2022-01-27 07:50:14 -0800] [123] [INFO] Handling signal: term
[2022-01-27 15:50:14 +0000] [139] [INFO] Worker exiting (pid: 139)
[2022-01-27 15:50:14 +0000] [137] [INFO] Worker exiting (pid: 137)
[2022-01-27 15:50:14 +0000] [136] [INFO] Worker exiting (pid: 136)
[2022-01-27 15:50:14 +0000] [134] [INFO] Worker exiting (pid: 134)
[2022-01-27 15:50:15 +0000] [138] [INFO] Worker exiting (pid: 138)
[2022-01-27 15:50:15 +0000] [141] [INFO] Worker exiting (pid: 141)
[2022-01-27 15:50:15 +0000] [140] [INFO] Worker exiting (pid: 140)
[2022-01-27 15:50:15 +0000] [135] [INFO] Worker exiting (pid: 135)
[2022-01-27 07:50:16 -0800] [123] [INFO] Shutting down: Master
[2022-01-27 07:50:32 -0800] [114] [INFO] Starting gunicorn 19.9.0
[2022-01-27 07:50:32 -0800] [114] [INFO] Listening at: http://127.0.0.1:8080 (114)
[2022-01-27 07:50:32 -0800] [114] [INFO] Using worker: threads
[2022-01-27 07:50:32 -0800] [132] [INFO] Booting worker with pid: 132
[2022-01-27 07:50:32 -0800] [133] [INFO] Booting worker with pid: 133
[2022-01-27 07:50:32 -0800] [134] [INFO] Booting worker with pid: 134
[2022-01-27 07:50:32 -0800] [135] [INFO] Booting worker with pid: 135
[2022-01-27 07:50:32 -0800] [136] [INFO] Booting worker with pid: 136
[2022-01-27 07:50:32 -0800] [137] [INFO] Booting worker with pid: 137
[2022-01-27 07:50:32 -0800] [138] [INFO] Booting worker with pid: 138
[2022-01-27 07:50:32 -0800] [139] [INFO] Booting worker with pid: 139
[2022-01-27 16:06:59] - [DEBUG] - [dramatiq.broker.RedisBroker:172]  - Enqueueing message 'e0c45224-f3dc-46c4-98e3-80e241b5575f' on queue 'default'.
[2022-01-27 16:08:32] - [DEBUG] - [dramatiq.broker.RedisBroker:172]  - Enqueueing message '2462904d-4149-465e-82cc-6c7c084ddfbe' on queue 'default'.
[2022-01-27 08:09:31 -0800] [114] [INFO] Handling signal: term
[2022-01-27 16:09:31 +0000] [139] [INFO] Worker exiting (pid: 139)
[2022-01-27 16:09:31 +0000] [136] [INFO] Worker exiting (pid: 136)
[2022-01-27 16:09:31 +0000] [133] [INFO] Worker exiting (pid: 133)
[2022-01-27 16:09:31 +0000] [134] [INFO] Worker exiting (pid: 134)
[2022-01-27 16:09:31 +0000] [135] [INFO] Worker exiting (pid: 135)
[2022-01-27 16:09:32 +0000] [138] [INFO] Worker exiting (pid: 138)
[2022-01-27 16:09:32 +0000] [132] [INFO] Worker exiting (pid: 132)
[2022-01-27 16:09:32 +0000] [137] [INFO] Worker exiting (pid: 137)
[2022-01-27 08:09:32 -0800] [114] [INFO] Shutting down: Master
[2022-01-27 08:09:43 -0800] [124] [INFO] Starting gunicorn 19.9.0
[2022-01-27 08:09:43 -0800] [124] [INFO] Listening at: http://127.0.0.1:8080 (124)
[2022-01-27 08:09:43 -0800] [124] [INFO] Using worker: threads
[2022-01-27 08:09:43 -0800] [135] [INFO] Booting worker with pid: 135
[2022-01-27 08:09:43 -0800] [136] [INFO] Booting worker with pid: 136
[2022-01-27 08:09:43 -0800] [137] [INFO] Booting worker with pid: 137
[2022-01-27 08:09:43 -0800] [138] [INFO] Booting worker with pid: 138
[2022-01-27 08:09:43 -0800] [139] [INFO] Booting worker with pid: 139
[2022-01-27 08:09:44 -0800] [140] [INFO] Booting worker with pid: 140
[2022-01-27 08:09:44 -0800] [141] [INFO] Booting worker with pid: 141
[2022-01-27 08:09:44 -0800] [142] [INFO] Booting worker with pid: 142
[2022-01-27 08:32:40 -0800] [122] [INFO] Starting gunicorn 19.9.0
[2022-01-27 08:32:40 -0800] [122] [INFO] Listening at: http://127.0.0.1:8080 (122)
[2022-01-27 08:32:40 -0800] [122] [INFO] Using worker: threads
[2022-01-27 08:32:40 -0800] [133] [INFO] Booting worker with pid: 133
[2022-01-27 08:32:40 -0800] [134] [INFO] Booting worker with pid: 134
[2022-01-27 08:32:40 -0800] [135] [INFO] Booting worker with pid: 135
[2022-01-27 08:32:40 -0800] [136] [INFO] Booting worker with pid: 136
[2022-01-27 08:32:40 -0800] [137] [INFO] Booting worker with pid: 137
[2022-01-27 08:32:40 -0800] [138] [INFO] Booting worker with pid: 138
[2022-01-27 08:32:40 -0800] [139] [INFO] Booting worker with pid: 139
[2022-01-27 08:32:40 -0800] [140] [INFO] Booting worker with pid: 140
[2022-01-27 08:35:12 -0800] [122] [INFO] Handling signal: term
[2022-01-27 16:35:12 +0000] [137] [INFO] Worker exiting (pid: 137)
[2022-01-27 16:35:12 +0000] [136] [INFO] Worker exiting (pid: 136)
[2022-01-27 16:35:12 +0000] [133] [INFO] Worker exiting (pid: 133)
[2022-01-27 16:35:12 +0000] [139] [INFO] Worker exiting (pid: 139)
[2022-01-27 16:35:12 +0000] [134] [INFO] Worker exiting (pid: 134)
[2022-01-27 16:35:12 +0000] [140] [INFO] Worker exiting (pid: 140)
[2022-01-27 16:35:13 +0000] [135] [INFO] Worker exiting (pid: 135)
[2022-01-27 16:35:13 +0000] [138] [INFO] Worker exiting (pid: 138)
[2022-01-27 08:35:13 -0800] [122] [INFO] Shutting down: Master
[2022-01-27 08:35:23 -0800] [124] [INFO] Starting gunicorn 19.9.0
[2022-01-27 08:35:23 -0800] [124] [INFO] Listening at: http://127.0.0.1:8080 (124)
[2022-01-27 08:35:23 -0800] [124] [INFO] Using worker: threads
[2022-01-27 08:35:23 -0800] [135] [INFO] Booting worker with pid: 135
[2022-01-27 08:35:23 -0800] [136] [INFO] Booting worker with pid: 136
[2022-01-27 08:35:23 -0800] [137] [INFO] Booting worker with pid: 137
[2022-01-27 08:35:23 -0800] [138] [INFO] Booting worker with pid: 138
[2022-01-27 08:35:23 -0800] [139] [INFO] Booting worker with pid: 139
[2022-01-27 08:35:23 -0800] [140] [INFO] Booting worker with pid: 140
[2022-01-27 08:35:23 -0800] [141] [INFO] Booting worker with pid: 141
[2022-01-27 08:35:24 -0800] [142] [INFO] Booting worker with pid: 142
[2022-01-27 08:52:54 -0800] [124] [INFO] Handling signal: term
[2022-01-27 16:52:54 +0000] [140] [INFO] Worker exiting (pid: 140)
[2022-01-27 16:52:54 +0000] [137] [INFO] Worker exiting (pid: 137)
[2022-01-27 16:52:54 +0000] [136] [INFO] Worker exiting (pid: 136)
[2022-01-27 16:52:55 +0000] [141] [INFO] Worker exiting (pid: 141)
[2022-01-27 16:52:55 +0000] [142] [INFO] Worker exiting (pid: 142)
[2022-01-27 16:52:55 +0000] [135] [INFO] Worker exiting (pid: 135)
[2022-01-27 16:52:55 +0000] [139] [INFO] Worker exiting (pid: 139)
[2022-01-27 16:52:55 +0000] [138] [INFO] Worker exiting (pid: 138)
[2022-01-27 08:52:55 -0800] [124] [INFO] Shutting down: Master
[2022-01-27 08:55:10 -0800] [122] [INFO] Starting gunicorn 19.9.0
[2022-01-27 08:55:10 -0800] [122] [INFO] Listening at: http://127.0.0.1:8080 (122)
[2022-01-27 08:55:10 -0800] [122] [INFO] Using worker: threads
[2022-01-27 08:55:10 -0800] [133] [INFO] Booting worker with pid: 133
[2022-01-27 08:55:10 -0800] [134] [INFO] Booting worker with pid: 134
[2022-01-27 08:55:10 -0800] [135] [INFO] Booting worker with pid: 135
[2022-01-27 08:55:10 -0800] [136] [INFO] Booting worker with pid: 136
[2022-01-27 08:55:10 -0800] [137] [INFO] Booting worker with pid: 137
[2022-01-27 08:55:10 -0800] [139] [INFO] Booting worker with pid: 139
[2022-01-27 08:55:10 -0800] [138] [INFO] Booting worker with pid: 138
[2022-01-27 08:55:10 -0800] [140] [INFO] Booting worker with pid: 140
[2022-01-27 16:59:09] - [DEBUG] - [dramatiq.broker.RedisBroker:172]  - Enqueueing message '0bcf1e2f-2f0a-4b63-9413-90bd38a8293b' on queue 'default'.
[2022-01-27 19:08:42 -0800] [122] [INFO] Handling signal: term
[2022-01-28 03:08:43 +0000] [140] [INFO] Worker exiting (pid: 140)
[2022-01-28 03:08:43 +0000] [139] [INFO] Worker exiting (pid: 139)
[2022-01-28 03:08:43 +0000] [136] [INFO] Worker exiting (pid: 136)
[2022-01-28 03:08:43 +0000] [138] [INFO] Worker exiting (pid: 138)
[2022-01-28 03:08:43 +0000] [135] [INFO] Worker exiting (pid: 135)
[2022-01-28 03:08:43 +0000] [137] [INFO] Worker exiting (pid: 137)
[2022-01-28 03:08:43 +0000] [133] [INFO] Worker exiting (pid: 133)
[2022-01-28 03:08:43 +0000] [134] [INFO] Worker exiting (pid: 134)
[2022-01-27 19:08:44 -0800] [122] [INFO] Shutting down: Master
[2022-01-28 10:08:58 +0700] [121] [INFO] Starting gunicorn 19.9.0
[2022-01-28 10:08:58 +0700] [121] [INFO] Listening at: http://127.0.0.1:8080 (121)
[2022-01-28 10:08:58 +0700] [121] [INFO] Using worker: threads
[2022-01-28 10:08:58 +0700] [132] [INFO] Booting worker with pid: 132
[2022-01-28 10:08:58 +0700] [133] [INFO] Booting worker with pid: 133
[2022-01-28 10:08:58 +0700] [134] [INFO] Booting worker with pid: 134
[2022-01-28 10:08:58 +0700] [135] [INFO] Booting worker with pid: 135
[2022-01-28 10:08:58 +0700] [136] [INFO] Booting worker with pid: 136
[2022-01-28 10:08:58 +0700] [137] [INFO] Booting worker with pid: 137
[2022-01-28 10:08:58 +0700] [138] [INFO] Booting worker with pid: 138
[2022-01-28 10:08:58 +0700] [139] [INFO] Booting worker with pid: 139
[2022-01-28 10:17:56 +0700] [121] [INFO] Handling signal: term
[2022-01-28 03:17:56 +0000] [133] [INFO] Worker exiting (pid: 133)
[2022-01-28 03:17:56 +0000] [136] [INFO] Worker exiting (pid: 136)
[2022-01-28 03:17:56 +0000] [132] [INFO] Worker exiting (pid: 132)
[2022-01-28 03:17:56 +0000] [135] [INFO] Worker exiting (pid: 135)
[2022-01-28 03:17:57 +0000] [137] [INFO] Worker exiting (pid: 137)
[2022-01-28 03:17:57 +0000] [139] [INFO] Worker exiting (pid: 139)
[2022-01-28 03:17:57 +0000] [134] [INFO] Worker exiting (pid: 134)
[2022-01-28 03:17:57 +0000] [138] [INFO] Worker exiting (pid: 138)
[2022-01-28 10:17:59 +0700] [121] [INFO] Shutting down: Master
[2022-01-28 10:19:32 +0700] [233] [INFO] Starting gunicorn 19.9.0
[2022-01-28 10:19:32 +0700] [233] [INFO] Listening at: http://127.0.0.1:8080 (233)
[2022-01-28 10:19:32 +0700] [233] [INFO] Using worker: threads
[2022-01-28 10:19:32 +0700] [244] [INFO] Booting worker with pid: 244
[2022-01-28 10:19:32 +0700] [245] [INFO] Booting worker with pid: 245
[2022-01-28 10:19:32 +0700] [246] [INFO] Booting worker with pid: 246
[2022-01-28 10:19:32 +0700] [247] [INFO] Booting worker with pid: 247
[2022-01-28 10:19:32 +0700] [248] [INFO] Booting worker with pid: 248
[2022-01-28 10:19:32 +0700] [249] [INFO] Booting worker with pid: 249
[2022-01-28 10:19:32 +0700] [250] [INFO] Booting worker with pid: 250
[2022-01-28 10:19:32 +0700] [251] [INFO] Booting worker with pid: 251
[2022-01-28 10:56:46 +0700] [233] [INFO] Handling signal: term
[2022-01-28 03:56:46 +0000] [250] [INFO] Worker exiting (pid: 250)
[2022-01-28 03:56:46 +0000] [248] [INFO] Worker exiting (pid: 248)
[2022-01-28 03:56:46 +0000] [246] [INFO] Worker exiting (pid: 246)
[2022-01-28 03:56:46 +0000] [245] [INFO] Worker exiting (pid: 245)
[2022-01-28 03:56:46 +0000] [247] [INFO] Worker exiting (pid: 247)
[2022-01-28 03:56:46 +0000] [249] [INFO] Worker exiting (pid: 249)
[2022-01-28 03:56:46 +0000] [251] [INFO] Worker exiting (pid: 251)
[2022-01-28 03:56:47 +0000] [244] [INFO] Worker exiting (pid: 244)
[2022-01-28 10:56:49 +0700] [233] [INFO] Shutting down: Master
[2022-01-28 10:57:18 +0700] [134] [INFO] Starting gunicorn 19.9.0
[2022-01-28 10:57:18 +0700] [134] [INFO] Listening at: http://127.0.0.1:8080 (134)
[2022-01-28 10:57:18 +0700] [134] [INFO] Using worker: threads
[2022-01-28 10:57:18 +0700] [145] [INFO] Booting worker with pid: 145
[2022-01-28 10:57:18 +0700] [146] [INFO] Booting worker with pid: 146
[2022-01-28 10:57:18 +0700] [147] [INFO] Booting worker with pid: 147
[2022-01-28 10:57:18 +0700] [148] [INFO] Booting worker with pid: 148
[2022-01-28 10:57:18 +0700] [149] [INFO] Booting worker with pid: 149
[2022-01-28 10:57:18 +0700] [150] [INFO] Booting worker with pid: 150
[2022-01-28 10:57:18 +0700] [151] [INFO] Booting worker with pid: 151
[2022-01-28 10:57:18 +0700] [152] [INFO] Booting worker with pid: 152
[2022-01-28 12:27:12 +0700] [134] [INFO] Handling signal: term
[2022-01-28 05:27:12 +0000] [148] [INFO] Worker exiting (pid: 148)
[2022-01-28 05:27:12 +0000] [150] [INFO] Worker exiting (pid: 150)
[2022-01-28 05:27:12 +0000] [151] [INFO] Worker exiting (pid: 151)
[2022-01-28 05:27:12 +0000] [149] [INFO] Worker exiting (pid: 149)
[2022-01-28 05:27:12 +0000] [152] [INFO] Worker exiting (pid: 152)
[2022-01-28 05:27:12 +0000] [145] [INFO] Worker exiting (pid: 145)
[2022-01-28 05:27:13 +0000] [146] [INFO] Worker exiting (pid: 146)
[2022-01-28 05:27:13 +0000] [147] [INFO] Worker exiting (pid: 147)
[2022-01-28 12:27:13 +0700] [134] [INFO] Shutting down: Master
